2023-10-16 18:55:32,045 : INFO : root : Openning Browser
2023-10-16 18:55:32,045 : INFO : root : Check Page title
2023-10-16 18:59:04,943 : INFO : root : Openning Browser
2023-10-16 18:59:04,943 : INFO : root : Check Page title
2023-10-16 19:00:11,922 : INFO : root : Openning Browser
2023-10-16 19:00:11,922 : INFO : root : Check Page title
2023-10-16 19:00:15,331 : INFO : root :  test_url_001 : Completed 
2023-10-16 19:00:49,179 : INFO : root : Openning Browser
2023-10-16 19:00:49,179 : INFO : root : Check Page title
2023-10-16 19:01:40,665 : INFO : root : Openning Browser
2023-10-16 19:01:40,665 : INFO : root : Check Page title
2023-10-16 19:01:40,670 : INFO : root : You are in correct site --> OrangeHRM
2023-10-16 19:01:43,694 : INFO : root :  test_url_001 : Completed 
2023-10-16 19:02:14,287 : INFO : root : Openning Browser
2023-10-16 19:02:14,287 : INFO : root : Check Page title
2023-10-16 19:02:14,304 : INFO : root : You are in correct site --> OrangeHRM
2023-10-16 19:02:18,389 : INFO : root :  test_url_001 : Completed 
2023-10-16 19:06:33,207 : INFO : Test_URL_Login : Openning Browser
2023-10-16 19:06:33,246 : INFO : Test_URL_Login : Check Page title
2023-10-16 19:06:33,259 : INFO : Test_URL_Login : You are in correct site --> OrangeHRM
2023-10-16 19:06:37,135 : INFO : Test_URL_Login :  test_url_001 : Completed 
2023-10-16 19:11:51,485 : INFO :         test_url_001() : Test_URL_Login : Openning Browser
2023-10-16 19:11:51,514 : INFO :         test_url_001() : Test_URL_Login : Check Page title
2023-10-16 19:11:51,520 : INFO :         test_url_001() : Test_URL_Login : You are in correct site --> OrangeHRM
2023-10-16 19:11:54,587 : INFO :         test_url_001() : Test_URL_Login :  test_url_001 : Logout and Completed 
2023-10-16 19:13:10,096 : INFO : Test_URL_Login : test_url_001 : Openning Browser
2023-10-16 19:13:10,096 : INFO : Test_URL_Login : test_url_001 : Check Page title
2023-10-16 19:13:10,100 : INFO : Test_URL_Login : test_url_001 : You are in correct site --> OrangeHRM
2023-10-16 19:13:13,917 : INFO : Test_URL_Login : test_url_001 :  test_url_001 : Logout and Completed 
---Date & Time-----------Warning------Class-----------Method---------Comment/Message2023-10-16 19:18:33,285 : ERROR : Test_URL_Login : test_url_001 : Error Message
2023-10-16 19:18:33,286 : CRITICAL : Test_URL_Login : test_url_001 : Critical Message
2023-10-16 19:19:19,958 : ERROR : Test_URL_Login : test_url_001 : Error Message
2023-10-16 19:19:19,958 : CRITICAL : Test_URL_Login : test_url_001 : Critical Message
2023-10-25 08:38:17,460 : INFO : Test_URL_Login : test_login_002 : Openning Browser
2023-10-25 08:38:17,495 : INFO : Test_URL_Login : test_login_002 : Check Page title
2023-10-25 08:38:18,870 : INFO : Test_URL_Login : test_url_001 : Openning Browser
2023-10-25 08:38:18,870 : INFO : Test_URL_Login : test_url_001 : Check Page title
2023-10-25 08:38:18,880 : INFO : Test_URL_Login : test_url_001 : You are in correct site --> OrangeHRM
2023-10-25 08:38:20,552 : INFO : Test_URL_Login : test_login_002 : Enter Username :Admin
2023-10-25 08:38:20,840 : INFO : Test_URL_Login : test_login_002 : Enter Password :admin123
2023-10-25 08:38:24,287 : INFO : Test_URL_Login : test_url_001 :  test_url_001 : Logout and Completed 
2023-10-25 08:38:31,774 : INFO : Test_URL_Login : test_login_002 : Click on Login Button
2023-10-25 08:38:31,794 : INFO : Test_URL_Login : test_login_002 : test_login_002 Status : PASS
2023-10-25 08:38:32,350 : INFO : Test_URL_Login : test_login_002 : Click on Menu Button
2023-10-25 08:38:33,714 : INFO : Test_URL_Login : test_login_002 : Click on Logout Button
2023-10-25 08:38:35,770 : INFO : Test_URL_Login : test_login_002 : test_login_002 is Completed
2023-10-25 08:40:25,682 : INFO : Test_URL_Login : test_login_002 : Openning Browser
2023-10-25 08:40:25,682 : INFO : Test_URL_Login : test_login_002 : Check Page title
2023-10-25 08:40:27,573 : INFO : Test_URL_Login : test_login_002 : Enter Username :Admin
2023-10-25 08:40:27,992 : INFO : Test_URL_Login : test_login_002 : Enter Password :admin1234
2023-10-25 08:40:29,626 : INFO : Test_URL_Login : test_url_001 : Openning Browser
2023-10-25 08:40:29,626 : INFO : Test_URL_Login : test_url_001 : Check Page title
2023-10-25 08:40:29,644 : INFO : Test_URL_Login : test_url_001 : You are in correct site --> OrangeHRM
2023-10-25 08:40:34,390 : INFO : Test_URL_Login : test_login_002 : Click on Login Button
2023-10-25 08:40:34,994 : INFO : Test_URL_Login : test_url_001 :  test_url_001 : Logout and Completed 
2023-10-25 08:42:30,092 : INFO : Test_URL_Login : test_login_002 : Openning Browser
2023-10-25 08:42:30,129 : INFO : Test_URL_Login : test_login_002 : Check Page title
2023-10-25 08:42:30,679 : INFO : Test_URL_Login : test_url_001 : Openning Browser
2023-10-25 08:42:30,679 : INFO : Test_URL_Login : test_url_001 : Check Page title
2023-10-25 08:42:30,712 : INFO : Test_URL_Login : test_url_001 : You are in correct site --> OrangeHRM
2023-10-25 08:42:34,125 : INFO : Test_URL_Login : test_login_002 : Enter Username :Admin
2023-10-25 08:42:34,353 : INFO : Test_URL_Login : test_login_002 : Enter Password :admin1234
2023-10-25 08:42:37,498 : INFO : Test_URL_Login : test_url_001 :  test_url_001 : Logout and Completed 
2023-10-25 08:42:39,971 : INFO : Test_URL_Login : test_login_002 : Click on Login Button
2023-10-25 08:42:50,265 : INFO : Test_URL_Login : test_login_002 : test_login_002 Status : FAILED
2023-11-02 15:57:26,733 : INFO : Test_URL_Login : test_login_002 : Openning Browser
2023-11-02 15:57:26,769 : INFO : Test_URL_Login : test_login_002 : Check Page title
2023-11-02 15:57:27,951 : INFO : Test_URL_Login : test_login_002 : Enter Username :Admin
2023-11-02 15:57:28,112 : INFO : Test_URL_Login : test_login_002 : Enter Password :admin123
2023-11-02 15:57:30,440 : INFO : Test_URL_Login : test_url_001 : Openning Browser
2023-11-02 15:57:30,440 : INFO : Test_URL_Login : test_url_001 : Check Page title
2023-11-02 15:57:30,460 : INFO : Test_URL_Login : test_url_001 : You are in correct site --> OrangeHRM
2023-11-02 15:57:30,569 : INFO : Test_URL_Login : test_login_002 : Click on Login Button
2023-11-02 15:57:31,305 : INFO : Test_URL_Login : test_login_002 : test_login_002 Status : PASS
2023-11-02 15:57:31,735 : INFO : Test_URL_Login : test_login_002 : Click on Menu Button
2023-11-02 15:57:33,643 : INFO : Test_URL_Login : test_url_001 :  test_url_001 : Logout and Completed 
2023-11-02 15:57:33,798 : INFO : Test_URL_Login : test_login_002 : Click on Logout Button
2023-11-02 15:57:36,151 : INFO : Test_URL_Login : test_login_002 : test_login_002 is Completed
2023-11-02 16:05:47,038 : INFO : Test_URL_Login : test_url_001 : Openning Browser
2023-11-02 16:05:47,038 : INFO : Test_URL_Login : test_url_001 : Check Page title
2023-11-02 16:05:47,045 : INFO : Test_URL_Login : test_url_001 : You are in correct site --> OrangeHRM
2023-11-02 16:05:51,522 : INFO : Test_URL_Login : test_url_001 :  test_url_001 : Logout and Completed 
2023-11-02 16:06:17,146 : INFO : Test_URL_Login : test_login_002 : Openning Browser
2023-11-02 16:06:17,146 : INFO : Test_URL_Login : test_login_002 : Check Page title
2023-11-02 16:06:18,814 : INFO : Test_URL_Login : test_login_002 : Enter Username :Admin
2023-11-02 16:06:18,875 : INFO : Test_URL_Login : test_login_002 : Enter Password :admin123
2023-11-02 16:06:24,029 : INFO : Test_URL_Login : test_login_002 : Click on Login Button
2023-11-02 16:06:24,072 : INFO : Test_URL_Login : test_login_002 : test_login_002 Status : PASS
2023-11-02 16:06:24,446 : INFO : Test_URL_Login : test_login_002 : Click on Menu Button
2023-11-02 16:06:25,690 : INFO : Test_URL_Login : test_login_002 : Click on Logout Button
2023-11-02 16:06:27,774 : INFO : Test_URL_Login : test_login_002 : test_login_002 is Completed
2023-11-02 16:09:57,021 : INFO : Test_URL_Login : test_login_002 : Openning Browser
2023-11-02 16:09:57,021 : INFO : Test_URL_Login : test_login_002 : Check Page title
2023-11-02 16:09:58,124 : INFO : Test_URL_Login : test_login_002 : Enter Username :Admin
2023-11-02 16:09:58,182 : INFO : Test_URL_Login : test_login_002 : Enter Password :admin123
2023-11-02 16:09:58,434 : INFO : Test_URL_Login : test_url_001 : Openning Browser
2023-11-02 16:09:58,436 : INFO : Test_URL_Login : test_url_001 : Check Page title
2023-11-02 16:09:58,454 : INFO : Test_URL_Login : test_url_001 : You are in correct site --> OrangeHRM
2023-11-02 16:10:02,550 : INFO : Test_URL_Login : test_login_002 : Click on Login Button
2023-11-02 16:10:02,578 : INFO : Test_URL_Login : test_login_002 : test_login_002 Status : PASS
2023-11-02 16:10:02,586 : INFO : Test_URL_Login : test_url_001 :  test_url_001 : Logout and Completed 
2023-11-02 16:10:03,029 : INFO : Test_URL_Login : test_login_002 : Click on Menu Button
2023-11-02 16:10:04,320 : INFO : Test_URL_Login : test_login_002 : Click on Logout Button
2023-11-02 16:10:06,218 : INFO : Test_URL_Login : test_login_002 : test_login_002 is Completed
2023-11-06 19:02:29,159 : INFO : Test_URL_Login : test_url_001 : Openning Browser
2023-11-06 19:02:29,189 : INFO : Test_URL_Login : test_url_001 : Check Page title
2023-11-06 19:02:29,195 : INFO : Test_URL_Login : test_url_001 : You are in correct site --> OrangeHRM
2023-11-06 19:02:32,988 : INFO : Test_URL_Login : test_url_001 :  test_url_001 : Logout and Completed 
2023-11-06 19:02:41,768 : INFO : Test_URL_Login : test_login_002 : Openning Browser
2023-11-06 19:02:45,210 : INFO : Test_URL_Login : test_login_002 : Check Page title
2023-11-06 19:02:45,817 : INFO : Test_URL_Login : test_login_002 : Enter Username :Admin
2023-11-06 19:02:45,887 : INFO : Test_URL_Login : test_login_002 : Enter Password :admin123
2023-11-06 19:02:47,854 : INFO : Test_URL_Login : test_login_002 : Click on Login Button
2023-11-06 19:02:48,398 : INFO : Test_URL_Login : test_login_002 : test_login_002 Status : PASS
2023-11-06 19:02:48,739 : INFO : Test_URL_Login : test_login_002 : Click on Menu Button
2023-11-06 19:02:50,419 : INFO : Test_URL_Login : test_login_002 : Click on Logout Button
2023-11-06 19:02:52,779 : INFO : Test_URL_Login : test_login_002 : test_login_002 is Completed
2023-11-06 20:02:45,826 : INFO : Test_URL_Login : test_url_001 : Openning Browser
2023-11-06 20:02:45,856 : INFO : Test_URL_Login : test_url_001 : Check Page title
2023-11-06 20:02:45,886 : INFO : Test_URL_Login : test_url_001 : You are in correct site --> OrangeHRM
2023-11-06 20:02:47,076 : INFO : Test_URL_Login : test_url_001 :  test_url_001 : Logout and Completed 
2023-11-06 20:02:48,860 : INFO : Test_URL_Login : test_login_002 : Openning Browser
2023-11-06 20:02:52,088 : INFO : Test_URL_Login : test_login_002 : Check Page title
2023-11-06 20:02:52,758 : INFO : Test_URL_Login : test_login_002 : Enter Username :Admin
2023-11-06 20:02:52,884 : INFO : Test_URL_Login : test_login_002 : Enter Password :admin123
2023-11-06 20:02:52,961 : INFO : Test_URL_Login : test_login_002 : Click on Login Button
2023-11-06 20:02:54,960 : INFO : Test_URL_Login : test_login_002 : test_login_002 Status : PASS
2023-11-06 20:02:55,169 : INFO : Test_URL_Login : test_login_002 : Click on Menu Button
2023-11-06 20:02:57,215 : INFO : Test_URL_Login : test_login_002 : Click on Logout Button
2023-11-06 20:02:57,282 : INFO : Test_URL_Login : test_login_002 : test_login_002 is Completed
2023-11-06 20:04:57,889 : INFO : Test_URL_Login : test_login_002 : Openning Browser
2023-11-06 20:05:00,949 : INFO : Test_URL_Login : test_login_002 : Check Page title
2023-11-06 20:05:01,602 : INFO : Test_URL_Login : test_url_001 : Openning Browser
2023-11-06 20:05:01,602 : INFO : Test_URL_Login : test_url_001 : Check Page title
2023-11-06 20:05:01,667 : INFO : Test_URL_Login : test_login_002 : Enter Username :Admin
2023-11-06 20:05:01,675 : INFO : Test_URL_Login : test_url_001 : You are in correct site --> OrangeHRM
2023-11-06 20:05:01,831 : INFO : Test_URL_Login : test_login_002 : Enter Password :admin123
2023-11-06 20:05:03,196 : INFO : Test_URL_Login : test_url_001 :  test_url_001 : Logout and Completed 
2023-11-06 20:05:03,368 : INFO : Test_URL_Login : test_login_002 : Click on Login Button
2023-11-06 20:05:03,991 : INFO : Test_URL_Login : test_login_002 : test_login_002 Status : PASS
2023-11-06 20:05:04,684 : INFO : Test_URL_Login : test_login_002 : Click on Menu Button
2023-11-06 20:05:05,657 : INFO : Test_URL_Login : test_login_002 : Click on Logout Button
2023-11-06 20:05:05,842 : INFO : Test_URL_Login : test_login_002 : test_login_002 is Completed
2023-11-06 20:06:46,812 : INFO : Test_URL_Login : test_login_002 : Openning Browser
2023-11-06 20:06:47,927 : INFO : Test_URL_Login : test_url_001 : Openning Browser

2023-11-06 20:06:47,927 : INFO : Test_URL_Login : test_url_001 : Check Page title
2023-11-06 20:06:50,196 : INFO : Test_URL_Login : test_url_001 : You are in correct site --> OrangeHRM
2023-11-06 20:06:51,321 : INFO : Test_URL_Login : test_url_001 :  test_url_001 : Logout and Completed 
2023-11-06 20:06:52,148 : INFO : Test_URL_Login : test_login_002 : Enter Username :Admin
2023-11-06 20:06:52,296 : INFO : Test_URL_Login : test_login_002 : Enter Password :admin123
2023-11-06 20:06:52,405 : INFO : Test_URL_Login : test_login_002 : Click on Login Button
2023-11-06 20:06:54,624 : INFO : Test_URL_Login : test_login_002 : test_login_002 Status : PASS
2023-11-06 20:06:54,818 : INFO : Test_URL_Login : test_login_002 : Click on Menu Button
2023-11-06 20:06:56,994 : INFO : Test_URL_Login : test_login_002 : Click on Logout Button
2023-11-06 20:06:57,033 : INFO : Test_URL_Login : test_login_002 : test_login_002 is Completed
2023-11-06 20:07:26,369 : INFO : Test_URL_Login : test_login_002 : Openning Browser
2023-11-06 20:07:27,216 : INFO : Test_URL_Login : test_login_002 : Check Page title
2023-11-06 20:07:29,479 : INFO : Test_URL_Login : test_url_001 : Openning Browser
2023-11-06 20:07:29,479 : INFO : Test_URL_Login : test_url_001 : Check Page title
2023-11-06 20:07:29,512 : INFO : Test_URL_Login : test_url_001 : You are in correct site --> OrangeHRM
2023-11-06 20:07:30,666 : INFO : Test_URL_Login : test_url_001 :  test_url_001 : Logout and Completed 
2023-11-06 20:07:30,919 : INFO : Test_URL_Login : test_login_002 : Enter Username :Admin
2023-11-06 20:07:31,042 : INFO : Test_URL_Login : test_login_002 : Enter Password :admin123
2023-11-06 20:07:31,123 : INFO : Test_URL_Login : test_login_002 : Click on Login Button
2023-11-06 20:07:33,040 : INFO : Test_URL_Login : test_login_002 : test_login_002 Status : PASS
2023-11-06 20:07:33,551 : INFO : Test_URL_Login : test_login_002 : Click on Menu Button
2023-11-06 20:07:34,541 : INFO : Test_URL_Login : test_login_002 : Click on Logout Button
2023-11-06 20:07:34,569 : INFO : Test_URL_Login : test_login_002 : test_login_002 is Completed
2023-11-07 10:14:20,269 : INFO : Test_URL_Login : test_login_002 : Openning Browser
2023-11-07 10:14:25,052 : INFO : Test_URL_Login : test_login_002 : Check Page title
2023-11-07 10:14:25,083 : INFO : Test_URL_Login : test_url_001 : Openning Browser
2023-11-07 10:14:25,083 : INFO : Test_URL_Login : test_url_001 : Check Page title
2023-11-07 10:14:25,099 : INFO : Test_URL_Login : test_url_001 : You are in correct site --> OrangeHRM
2023-11-07 10:14:25,715 : INFO : Test_URL_Login : test_login_002 : Enter Username :Admin
2023-11-07 10:14:25,796 : INFO : Test_URL_Login : test_login_002 : Enter Password :admin123
2023-11-07 10:14:28,367 : INFO : Test_URL_Login : test_login_002 : Click on Login Button
2023-11-07 10:14:28,475 : INFO : Test_URL_Login : test_url_001 :  test_url_001 : Logout and Completed 
2023-11-07 10:14:28,930 : INFO : Test_URL_Login : test_login_002 : test_login_002 Status : PASS
2023-11-07 10:14:29,341 : INFO : Test_URL_Login : test_login_002 : Click on Menu Button
2023-11-07 10:14:31,016 : INFO : Test_URL_Login : test_login_002 : Click on Logout Button
2023-11-07 10:14:33,409 : INFO : Test_URL_Login : test_login_002 : test_login_002 is Completed
2023-11-07 17:35:30,914 : INFO : Test_Login_Params : test_login_params_003 : Openning Browser
2023-11-07 17:35:31,627 : INFO : Test_Login_Params : test_login_params_003 : Openning Browser
2023-11-07 17:35:31,715 : INFO : Test_Login_Params : test_login_params_003 : Openning Browser
2023-11-07 17:35:31,774 : INFO : Test_Login_Params : test_login_params_003 : Openning Browser
2023-11-07 17:35:33,982 : INFO : Test_Login_Params : test_login_params_003 : Check Page title
2023-11-07 17:35:36,837 : INFO : Test_Login_Params : test_login_params_003 : Check Page title
2023-11-07 17:35:36,966 : INFO : Test_Login_Params : test_login_params_003 : Check Page title
2023-11-07 17:35:38,515 : INFO : Test_Login_Params : test_login_params_003 : Enter Username :Admin
2023-11-07 17:35:38,674 : INFO : Test_Login_Params : test_login_params_003 : Enter Username :Admin1
2023-11-07 17:35:38,737 : INFO : Test_Login_Params : test_login_params_003 : Enter Password :admin123
2023-11-07 17:35:38,759 : INFO : Test_Login_Params : test_login_params_003 : Enter Username :Admin1
2023-11-07 17:35:38,955 : INFO : Test_Login_Params : test_login_params_003 : Enter Password :admin123
2023-11-07 17:35:39,060 : INFO : Test_Login_Params : test_login_params_003 : Enter Password :admin1234
2023-11-07 17:35:39,101 : INFO : Test_Login_Params : test_login_params_003 : Click on Login Button
2023-11-07 17:35:40,173 : INFO : Test_Login_Params : test_login_params_003 : Click on Login Button
2023-11-07 17:35:40,460 : INFO : Test_Login_Params : test_login_params_003 : Click on Login Button
2023-11-07 17:35:41,719 : INFO : Test_Login_Params : test_login_params_003 : Click on Menu Button
2023-11-07 17:35:43,063 : INFO : Test_Login_Params : test_login_params_003 : Click on Logout Button
2023-11-07 17:35:43,063 : INFO : Test_Login_Params : test_login_params_003 : test_login_Param_003 is Passed
2023-11-07 17:35:44,641 : INFO : Test_Login_Params : test_login_params_003 : test_login_Param_003 is Passed
2023-11-07 17:35:45,706 : INFO : Test_Login_Params : test_login_params_003 : test_login_Param_003 is Passed
2023-11-07 17:38:39,746 : INFO : Test_Login_Params : test_login_params_003 : Openning Browser
2023-11-07 17:38:42,365 : INFO : Test_Login_Params : test_login_params_003 : Openning Browser
2023-11-07 17:38:42,526 : INFO : Test_Login_Params : test_login_params_003 : Openning Browser
2023-11-07 17:38:43,228 : INFO : Test_Login_Params : test_login_params_003 : Openning Browser
2023-11-07 17:38:44,895 : INFO : Test_Login_Params : test_login_params_003 : Check Page title
2023-11-07 17:38:46,869 : INFO : Test_Login_Params : test_login_params_003 : Enter Username :Admin1
2023-11-07 17:38:47,311 : INFO : Test_Login_Params : test_login_params_003 : Enter Password :admin1234
2023-11-07 17:38:47,317 : INFO : Test_Login_Params : test_login_params_003 : Check Page title
2023-11-07 17:38:47,785 : INFO : Test_Login_Params : test_login_params_003 : Check Page title
2023-11-07 17:38:47,938 : INFO : Test_Login_Params : test_login_params_003 : Check Page title
2023-11-07 17:38:48,770 : INFO : Test_Login_Params : test_login_params_003 : Enter Username :Admin
2023-11-07 17:38:49,174 : INFO : Test_Login_Params : test_login_params_003 : Click on Login Button
2023-11-07 17:38:49,815 : INFO : Test_Login_Params : test_login_params_003 : Enter Password :admin123
2023-11-07 17:38:49,855 : INFO : Test_Login_Params : test_login_params_003 : Enter Username :Admin1
2023-11-07 17:38:50,076 : INFO : Test_Login_Params : test_login_params_003 : Enter Username :Admin
2023-11-07 17:38:50,350 : INFO : Test_Login_Params : test_login_params_003 : Enter Password :admin123
2023-11-07 17:38:50,398 : INFO : Test_Login_Params : test_login_params_003 : Enter Password :admin1234
2023-11-07 17:38:50,538 : INFO : Test_Login_Params : test_login_params_003 : Click on Login Button
2023-11-07 17:38:51,389 : INFO : Test_Login_Params : test_login_params_003 : Click on Login Button
2023-11-07 17:38:51,535 : INFO : Test_Login_Params : test_login_params_003 : Click on Login Button
2023-11-07 17:38:53,104 : INFO : Test_Login_Params : test_login_params_003 : Click on Menu Button
2023-11-07 17:38:54,200 : INFO : Test_Login_Params : test_login_params_003 : Click on Logout Button
2023-11-07 17:38:54,200 : INFO : Test_Login_Params : test_login_params_003 : test_login_Param_003 is Passed
2023-11-07 17:38:54,709 : INFO : Test_Login_Params : test_login_params_003 : test_login_Param_003 is Passed
2023-11-07 17:38:56,237 : INFO : Test_Login_Params : test_login_params_003 : test_login_Param_003 is Passed
2023-11-07 17:38:57,033 : INFO : Test_Login_Params : test_login_params_003 : test_login_Param_003 is Passed
2023-11-07 17:39:29,824 : INFO : Test_Login_Params : test_login_params_003 : Openning Browser
2023-11-07 17:39:30,616 : INFO : Test_Login_Params : test_login_params_003 : Openning Browser
2023-11-07 17:39:30,646 : INFO : Test_Login_Params : test_login_params_003 : Openning Browser
2023-11-07 17:39:30,957 : INFO : Test_Login_Params : test_login_params_003 : Openning Browser
2023-11-07 17:39:31,932 : INFO : Test_Login_Params : test_login_params_003 : Check Page title
2023-11-07 17:39:31,971 : INFO : Test_Login_Params : test_login_params_003 : Check Page title
2023-11-07 17:39:35,336 : INFO : Test_Login_Params : test_login_params_003 : Check Page title
2023-11-07 17:39:36,085 : INFO : Test_Login_Params : test_login_params_003 : Check Page title
2023-11-07 17:39:36,873 : INFO : Test_Login_Params : test_login_params_003 : Enter Username :Admin1
2023-11-07 17:39:37,125 : INFO : Test_Login_Params : test_login_params_003 : Enter Username :Admin
2023-11-07 17:39:37,217 : INFO : Test_Login_Params : test_login_params_003 : Enter Password :admin1234
2023-11-07 17:39:37,321 : INFO : Test_Login_Params : test_login_params_003 : Enter Username :Admin
2023-11-07 17:39:37,329 : INFO : Test_Login_Params : test_login_params_003 : Click on Login Button
2023-11-07 17:39:37,435 : INFO : Test_Login_Params : test_login_params_003 : Enter Username :Admin1
2023-11-07 17:39:37,572 : INFO : Test_Login_Params : test_login_params_003 : Enter Password :admin1234
2023-11-07 17:39:37,627 : INFO : Test_Login_Params : test_login_params_003 : Enter Password :admin123
2023-11-07 17:39:37,766 : INFO : Test_Login_Params : test_login_params_003 : Enter Password :admin123
2023-11-07 17:39:37,948 : INFO : Test_Login_Params : test_login_params_003 : Click on Login Button
2023-11-07 17:39:38,954 : INFO : Test_Login_Params : test_login_params_003 : Click on Login Button
2023-11-07 17:39:39,205 : INFO : Test_Login_Params : test_login_params_003 : Click on Login Button
2023-11-07 17:39:40,379 : INFO : Test_Login_Params : test_login_params_003 : Click on Menu Button
2023-11-07 17:39:41,688 : INFO : Test_Login_Params : test_login_params_003 : Click on Logout Button
2023-11-07 17:39:41,688 : INFO : Test_Login_Params : test_login_params_003 : test_login_Param_003 is Passed
2023-11-07 17:39:43,048 : INFO : Test_Login_Params : test_login_params_003 : test_login_Param_003 is Passed
2023-11-07 17:39:43,118 : INFO : Test_Login_Params : test_login_params_003 : test_login_Param_003 is Passed
2023-11-07 17:39:44,423 : INFO : Test_Login_Params : test_login_params_003 : test_login_Param_003 is Passed
2023-11-07 12:14:08,131 : INFO : Test_Login_Params : test_login_params_004 : Openning Browser
2023-11-07 12:14:08,198 : INFO : Test_Login_Params : test_login_params_004 : Openning Browser
2023-11-07 12:14:08,228 : INFO : Test_Login_Params : test_login_params_004 : Openning Browser
2023-11-07 12:14:13,913 : INFO : Test_Login_Params : test_login_params_004 : Check Page title
2023-11-07 12:14:14,078 : INFO : Test_Login_Params : test_login_params_004 : Check Page title
2023-11-07 12:14:14,358 : INFO : Test_Login_Params : test_login_params_004 : Check Page title
2023-11-07 12:14:14,542 : INFO : Test_Login_Params : test_login_params_004 : Check Page title
2023-11-07 12:18:15,085 : INFO : Test_Login_Params : test_login_params_004 : Openning Browser
2023-11-07 12:18:15,802 : INFO : Test_Login_Params : test_login_params_004 : Openning Browser
2023-11-07 12:18:15,901 : INFO : Test_Login_Params : test_login_params_004 : Openning Browser
2023-11-07 12:18:15,974 : INFO : Test_Login_Params : test_login_params_004 : Openning Browser
2023-11-07 12:18:22,882 : INFO : Test_Login_Params : test_login_params_004 : Check Page title
2023-11-07 12:18:26,088 : INFO : Test_Login_Params : test_login_params_004 : Check Page title
2023-11-07 12:18:26,225 : INFO : Test_Login_Params : test_login_params_004 : Check Page title
2023-11-07 12:18:26,235 : INFO : Test_Login_Params : test_login_params_004 : Check Page title
2023-11-07 12:19:24,799 : INFO : Test_Login_Params : test_login_params_004 : Openning Browser
2023-11-07 12:19:24,985 : INFO : Test_Login_Params : test_login_params_004 : Openning Browser
2023-11-07 12:19:25,228 : INFO : Test_Login_Params : test_login_params_004 : Openning Browser
2023-11-07 12:19:25,290 : INFO : Test_Login_Params : test_login_params_004 : Openning Browser
2023-11-07 12:19:29,868 : INFO : Test_Login_Params : test_login_params_004 : Check Page title
2023-11-07 12:19:30,176 : INFO : Test_Login_Params : test_login_params_004 : Check Page title
2023-11-07 12:19:30,461 : INFO : Test_Login_Params : test_login_params_004 : Check Page title
2023-11-07 12:19:30,960 : INFO : Test_Login_Params : test_login_params_004 : Check Page title
2023-11-07 12:22:31,265 : INFO : Test_Login_Params : test_login_params_004 : Openning Browser
2023-11-07 12:22:31,284 : INFO : Test_Login_Params : test_login_params_004 : Openning Browser
2023-11-07 12:22:31,506 : INFO : Test_Login_Params : test_login_params_004 : Openning Browser
2023-11-07 12:22:32,192 : INFO : Test_Login_Params : test_login_params_004 : Openning Browser
2023-11-07 12:22:36,154 : INFO : Test_Login_Params : test_login_params_004 : Check Page title
2023-11-07 12:22:36,341 : INFO : Test_Login_Params : test_login_params_004 : Check Page title
2023-11-07 12:22:37,217 : INFO : Test_Login_Params : test_login_params_004 : Check Page title
2023-11-07 12:22:37,674 : INFO : Test_Login_Params : test_login_params_004 : Check Page title
2023-11-07 16:43:43,658 : INFO : Test_URL_Login : test_login_ddt_004 : Enter Username :Admin
2023-11-07 16:43:43,780 : INFO : Test_URL_Login : test_login_ddt_004 : Enter Password :admin123
2023-11-07 16:43:45,253 : INFO : Test_URL_Login : test_login_ddt_004 : Click on Login Button
2023-11-07 16:43:46,554 : INFO : Test_URL_Login : test_login_ddt_004 : Click on Menu Button
2023-11-07 16:43:47,784 : INFO : Test_URL_Login : test_login_ddt_004 : Click on Logout Button
2023-11-07 16:43:47,821 : INFO : Test_URL_Login : test_login_ddt_004 : test_login_Param_004 is Passed
2023-11-07 16:53:10,928 : INFO : Test_URL_Login : test_login_002 : Openning Browser
2023-11-07 16:53:42,068 : INFO : Test_URL_Login : test_login_002 : Openning Browser
2023-11-07 16:53:45,239 : INFO : Test_URL_Login : test_url_001 : Openning Browser
2023-11-07 16:53:45,241 : INFO : Test_URL_Login : test_url_001 : Check Page title
2023-11-07 16:53:45,268 : INFO : Test_URL_Login : test_login_002 : Check Page title
2023-11-07 16:53:45,277 : INFO : Test_URL_Login : test_url_001 : You are in correct site --> OrangeHRM
2023-11-07 16:53:46,748 : INFO : Test_URL_Login : test_url_001 :  test_url_001 : Logout and Completed
2023-12-03 12:04:46,021 : INFO : Test_Login_Params : test_login_params_003 : Openning Browser
2023-12-03 12:04:46,059 : INFO : Test_Login_Params : test_login_params_003 : Openning Browser
2023-12-03 12:04:46,067 : INFO : Test_URL_Login : test_login_002 : Openning Browser
2023-12-03 12:04:51,219 : INFO : Test_URL_Login : test_login_002 : Check Page title
2023-12-03 12:04:51,309 : INFO : Test_URL_Login : test_url_001 : Openning Browser
2023-12-03 12:04:51,309 : INFO : Test_URL_Login : test_url_001 : Check Page title
2023-12-03 12:04:51,322 : INFO : Test_URL_Login : test_url_001 : You are in correct site --> OrangeHRM
2023-12-03 12:04:51,541 : INFO : Test_Login_Params : test_login_params_003 : Check Page title
2023-12-03 12:04:51,970 : INFO : Test_URL_Login : test_login_002 : Enter Username :Admin
2023-12-03 12:04:52,139 : INFO : Test_URL_Login : test_login_002 : Enter Password :admin123
2023-12-03 12:04:52,233 : INFO : Test_URL_Login : test_login_002 : Click on Login Button
2023-12-03 12:04:52,251 : INFO : Test_Login_Params : test_login_params_003 : Enter Username :Admin1
2023-12-03 12:04:52,433 : INFO : Test_Login_Params : test_login_params_003 : Enter Password :admin123
2023-12-03 12:04:52,552 : INFO : Test_Login_Params : test_login_params_003 : Click on Login Button
2023-12-03 12:04:52,619 : INFO : Test_URL_Login : test_url_001 :  test_url_001 : Logout and Completed 
2023-12-03 12:04:53,213 : INFO : Test_Login_Params : test_login_params_003 : Check Page title
2023-12-03 12:04:54,632 : INFO : Test_Login_Params : test_login_params_003 : Enter Username :Admin
2023-12-03 12:04:54,646 : INFO : Test_Login_Params : test_login_params_003 : Openning Browser
2023-12-03 12:04:54,829 : INFO : Test_Login_Params : test_login_params_003 : Enter Password :admin123
2023-12-03 12:04:55,026 : INFO : Test_Login_Params : test_login_params_003 : Click on Login Button
2023-12-03 12:04:57,130 : INFO : Test_Login_Params : test_login_params_003 : Click on Menu Button
2023-12-03 12:04:57,802 : INFO : Test_Login_Params : test_login_params_003 : test_login_Param_003 is Passed
2023-12-03 12:04:58,853 : INFO : Test_Login_Params : test_login_params_003 : Click on Logout Button
2023-12-03 12:04:58,854 : INFO : Test_Login_Params : test_login_params_003 : test_login_Param_003 is Passed
2023-12-03 12:04:59,695 : INFO : Test_Login_Params : test_login_params_003 : Check Page title
2023-12-03 12:05:00,529 : INFO : Test_DDT : test_login_ddt_004 : Openning Browser
2023-12-03 12:05:01,509 : INFO : Test_Login_Params : test_login_params_003 : Enter Username :Admin
2023-12-03 12:05:01,660 : INFO : Test_Login_Params : test_login_params_003 : Enter Password :admin1234
2023-12-03 12:05:01,735 : INFO : Test_Login_Params : test_login_params_003 : Click on Login Button
2023-12-03 12:05:02,963 : INFO : Test_URL_Login : test_login_002 : test_login_002 Status : FAILED
2023-12-03 12:05:04,046 : INFO : Test_DDT : test_login_ddt_004 : Check Page title
2023-12-03 12:05:04,867 : INFO : Test_DDT : test_login_ddt_004 : Enter Username :Admin
2023-12-03 12:05:04,976 : INFO : Test_Login_Params : test_login_params_003 : Openning Browser
2023-12-03 12:05:04,986 : INFO : Test_DDT : test_login_ddt_004 : Enter Password :admin123
2023-12-03 12:05:05,083 : INFO : Test_DDT : test_login_ddt_004 : Click on Login Button
2023-12-03 12:05:06,949 : INFO : Test_Login_Params : test_login_params_003 : test_login_Param_003 is Passed
2023-12-03 12:05:07,217 : INFO : Test_DDT : test_login_ddt_004 : Click on Menu Button
2023-12-03 12:05:08,181 : INFO : Test_DDT : test_login_ddt_004 : Click on Logout Button
2023-12-03 12:05:08,253 : INFO : Test_DDT : test_login_ddt_004 : test_login_ddt_004 is Passed
2023-12-03 12:05:08,646 : INFO : Test_Login_Params : test_login_params_003 : Check Page title
2023-12-03 12:05:09,514 : INFO : Test_Login_Params : test_login_params_003 : Enter Username :Admin1
2023-12-03 12:05:09,675 : INFO : Test_Login_Params : test_login_params_003 : Enter Password :admin1234
2023-12-03 12:05:09,757 : INFO : Test_Login_Params : test_login_params_003 : Click on Login Button
2023-12-03 12:05:14,945 : INFO : Test_Login_Params : test_login_params_003 : test_login_Param_003 is Passed
2023-12-03 12:11:37,607 : INFO : Test_URL_Login : test_login_002 : Openning Browser
2023-12-03 12:11:37,746 : INFO : Test_Login_Params : test_login_params_003 : Openning Browser
2023-12-03 12:11:37,768 : INFO : Test_Login_Params : test_login_params_003 : Openning Browser
2023-12-03 12:11:42,275 : INFO : Test_URL_Login : test_login_002 : Check Page title
2023-12-03 12:11:45,392 : INFO : Test_URL_Login : test_url_001 : Openning Browser
2023-12-03 12:11:45,392 : INFO : Test_URL_Login : test_url_001 : Check Page title
2023-12-03 12:11:45,409 : INFO : Test_URL_Login : test_url_001 : You are in correct site --> OrangeHRM
2023-12-03 12:11:45,460 : INFO : Test_Login_Params : test_login_params_003 : Check Page title
2023-12-03 12:11:45,508 : INFO : Test_Login_Params : test_login_params_003 : Check Page title
2023-12-03 12:11:46,221 : INFO : Test_URL_Login : test_login_002 : Enter Username :Admin
2023-12-03 12:11:46,272 : INFO : Test_Login_Params : test_login_params_003 : Enter Username :Admin1
2023-12-03 12:11:46,525 : INFO : Test_Login_Params : test_login_params_003 : Enter Username :Admin
2023-12-03 12:11:46,587 : INFO : Test_URL_Login : test_login_002 : Enter Password :admin123
2023-12-03 12:11:46,680 : INFO : Test_Login_Params : test_login_params_003 : Enter Password :admin123
2023-12-03 12:11:46,819 : INFO : Test_Login_Params : test_login_params_003 : Enter Password :admin123
2023-12-03 12:11:46,892 : INFO : Test_URL_Login : test_url_001 :  test_url_001 : Logout and Completed 
2023-12-03 12:11:47,615 : INFO : Test_Login_Params : test_login_params_003 : Click on Login Button
2023-12-03 12:11:48,083 : INFO : Test_URL_Login : test_login_002 : Click on Login Button
2023-12-03 12:11:48,209 : INFO : Test_Login_Params : test_login_params_003 : Click on Login Button
2023-12-03 12:11:48,685 : INFO : Test_Login_Params : test_login_params_003 : Openning Browser
2023-12-03 12:11:48,761 : INFO : Test_URL_Login : test_login_002 : test_login_002 Status : PASS
2023-12-03 12:11:49,018 : INFO : Test_URL_Login : test_login_002 : Click on Menu Button
2023-12-03 12:11:49,057 : INFO : Test_Login_Params : test_login_params_003 : Click on Menu Button
2023-12-03 12:11:49,541 : INFO : Test_URL_Login : test_login_002 : Click on Logout Button
2023-12-03 12:11:49,570 : INFO : Test_URL_Login : test_login_002 : test_login_002 is Completed
2023-12-03 12:11:51,406 : INFO : Test_Login_Params : test_login_params_003 : Openning Browser
2023-12-03 12:11:52,346 : INFO : Test_Login_Params : test_login_params_003 : Click on Logout Button
2023-12-03 12:11:52,346 : INFO : Test_Login_Params : test_login_params_003 : test_login_Param_003 is Passed
2023-12-03 12:11:52,969 : INFO : Test_Login_Params : test_login_params_003 : test_login_Param_003 is Passed
2023-12-03 12:11:54,130 : INFO : Test_Login_Params : test_login_params_003 : Check Page title
2023-12-03 12:11:54,148 : INFO : Test_DDT : test_login_ddt_004 : Openning Browser
2023-12-03 12:11:55,869 : INFO : Test_Login_Params : test_login_params_003 : Enter Username :Admin
2023-12-03 12:11:55,991 : INFO : Test_Login_Params : test_login_params_003 : Enter Password :admin1234
2023-12-03 12:11:56,070 : INFO : Test_Login_Params : test_login_params_003 : Click on Login Button
2023-12-03 12:12:00,773 : INFO : Test_Login_Params : test_login_params_003 : Check Page title
2023-12-03 12:12:01,636 : INFO : Test_Login_Params : test_login_params_003 : test_login_Param_003 is Passed
2023-12-03 12:12:01,668 : INFO : Test_Login_Params : test_login_params_003 : Enter Username :Admin1
2023-12-03 12:12:01,830 : INFO : Test_Login_Params : test_login_params_003 : Enter Password :admin1234
2023-12-03 12:12:01,901 : INFO : Test_Login_Params : test_login_params_003 : Click on Login Button
2023-12-03 12:12:03,226 : INFO : Test_DDT : test_login_ddt_004 : Check Page title
2023-12-03 12:12:04,435 : INFO : Test_DDT : test_login_ddt_004 : Enter Username :Admin
2023-12-03 12:12:04,612 : INFO : Test_DDT : test_login_ddt_004 : Enter Password :admin123
2023-12-03 12:12:04,683 : INFO : Test_DDT : test_login_ddt_004 : Click on Login Button
2023-12-03 12:12:06,805 : INFO : Test_DDT : test_login_ddt_004 : Click on Menu Button
2023-12-03 12:12:07,227 : INFO : Test_Login_Params : test_login_params_003 : test_login_Param_003 is Passed
2023-12-03 12:12:08,737 : INFO : Test_DDT : test_login_ddt_004 : Click on Logout Button
2023-12-03 12:12:08,773 : INFO : Test_DDT : test_login_ddt_004 : test_login_ddt_004 is Passed
